==30285== Memcheck, a memory error detector
==30285== Copyright (C) 2002-2017, and GNU GPL'd, by Julian Seward et al.
==30285== Using Valgrind-3.13.0 and LibVEX; rerun with -h for copyright info
==30285== Command: /rhome/l/lkafedzic1/workspace/ASP/PZ8/Z1/.runme
==30285== Parent PID: 30278
==30285== 
==30285== 
==30285== Process terminating with default action of signal 24 (SIGXCPU): dumping core
==30285==    at 0x109A68: BinStabloMapa<int, int>::dodaj(int const&, int const&, BinStabloMapa<int, int>::Cvor*&, BinStabloMapa<int, int>::Cvor*) (main.cpp:128)
==30285==    by 0x109B3E: BinStabloMapa<int, int>::dodaj(int const&, int const&, BinStabloMapa<int, int>::Cvor*&, BinStabloMapa<int, int>::Cvor*) (main.cpp:135)
==30285==    by 0x109B3E: BinStabloMapa<int, int>::dodaj(int const&, int const&, BinStabloMapa<int, int>::Cvor*&, BinStabloMapa<int, int>::Cvor*) (main.cpp:135)
==30285==    by 0x109B3E: BinStabloMapa<int, int>::dodaj(int const&, int const&, BinStabloMapa<int, int>::Cvor*&, BinStabloMapa<int, int>::Cvor*) (main.cpp:135)
==30285==    by 0x109B3E: BinStabloMapa<int, int>::dodaj(int const&, int const&, BinStabloMapa<int, int>::Cvor*&, BinStabloMapa<int, int>::Cvor*) (main.cpp:135)
==30285==    by 0x109B3E: BinStabloMapa<int, int>::dodaj(int const&, int const&, BinStabloMapa<int, int>::Cvor*&, BinStabloMapa<int, int>::Cvor*) (main.cpp:135)
==30285==    by 0x109B3E: BinStabloMapa<int, int>::dodaj(int const&, int const&, BinStabloMapa<int, int>::Cvor*&, BinStabloMapa<int, int>::Cvor*) (main.cpp:135)
==30285==    by 0x109B3E: BinStabloMapa<int, int>::dodaj(int const&, int const&, BinStabloMapa<int, int>::Cvor*&, BinStabloMapa<int, int>::Cvor*) (main.cpp:135)
==30285==    by 0x109B3E: BinStabloMapa<int, int>::dodaj(int const&, int const&, BinStabloMapa<int, int>::Cvor*&, BinStabloMapa<int, int>::Cvor*) (main.cpp:135)
==30285==    by 0x109B3E: BinStabloMapa<int, int>::dodaj(int const&, int const&, BinStabloMapa<int, int>::Cvor*&, BinStabloMapa<int, int>::Cvor*) (main.cpp:135)
==30285==    by 0x109B3E: BinStabloMapa<int, int>::dodaj(int const&, int const&, BinStabloMapa<int, int>::Cvor*&, BinStabloMapa<int, int>::Cvor*) (main.cpp:135)
==30285==    by 0x109B3E: BinStabloMapa<int, int>::dodaj(int const&, int const&, BinStabloMapa<int, int>::Cvor*&, BinStabloMapa<int, int>::Cvor*) (main.cpp:135)
==30285== 
==30285== HEAP SUMMARY:
==30285==     in use at exit: 323,648 bytes in 6,915 blocks
==30285==   total heap usage: 6,923 allocs, 8 frees, 497,952 bytes allocated
==30285== 
==30285== LEAK SUMMARY:
==30285==    definitely lost: 0 bytes in 0 blocks
==30285==    indirectly lost: 0 bytes in 0 blocks
==30285==      possibly lost: 0 bytes in 0 blocks
==30285==    still reachable: 323,648 bytes in 6,915 blocks
==30285==         suppressed: 0 bytes in 0 blocks
==30285== Reachable blocks (those to which a pointer was found) are not shown.
==30285== To see them, rerun with: --leak-check=full --show-leak-kinds=all
==30285== 
==30285== For counts of detected and suppressed errors, rerun with: -v
==30285== ERROR SUMMARY: 0 errors from 0 contexts (suppressed: 0 from 0)
