==18281== Memcheck, a memory error detector
==18281== Copyright (C) 2002-2017, and GNU GPL'd, by Julian Seward et al.
==18281== Using Valgrind-3.13.0 and LibVEX; rerun with -h for copyright info
==18281== Command: /rhome/l/lkafedzic1/workspace/ASP2018/T1/Z1/.runme
==18281== Parent PID: 18274
==18281== 
==18281== 
==18281== Process terminating with default action of signal 1 (SIGHUP)
==18281==    at 0x56F4152: write (write.c:27)
==18281==    by 0x566F1BC: _IO_file_write@@GLIBC_2.2.5 (fileops.c:1203)
==18281==    by 0x566FB2E: new_do_write (fileops.c:457)
==18281==    by 0x566FB2E: _IO_file_xsputn@@GLIBC_2.2.5 (fileops.c:1277)
==18281==    by 0x5663976: fwrite (iofwrite.c:39)
==18281==    by 0x5155773: std::basic_ostream<char, std::char_traits<char> >& std::__ostream_insert<char, std::char_traits<char> >(std::basic_ostream<char, std::char_traits<char> >&, char const*, long) (in /usr/lib/x86_64-linux-gnu/libstdc++.so.6.0.25)
==18281==    by 0x5155B0A: std::basic_ostream<char, std::char_traits<char> >& std::operator<< <std::char_traits<char> >(std::basic_ostream<char, std::char_traits<char> >&, char const*) (in /usr/lib/x86_64-linux-gnu/libstdc++.so.6.0.25)
==18281==    by 0x109249: main (main.cpp:38)
==18281== 
==18281== HEAP SUMMARY:
==18281==     in use at exit: 176 bytes in 2 blocks
==18281==   total heap usage: 4 allocs, 2 frees, 73,904 bytes allocated
==18281== 
==18281== 144 bytes in 1 blocks are possibly lost in loss record 2 of 2
==18281==    at 0x4C2FB0F: malloc (in /usr/lib/valgrind/vgpreload_memcheck-amd64-linux.so)
==18281==    by 0x50CFB33: __cxa_allocate_exception (in /usr/lib/x86_64-linux-gnu/libstdc++.so.6.0.25)
==18281==    by 0x108FE0: Goldbach(int, int&, int&) (main.cpp:13)
==18281==    by 0x109111: main (main.cpp:31)
==18281== 
==18281== LEAK SUMMARY:
==18281==    definitely lost: 0 bytes in 0 blocks
==18281==    indirectly lost: 0 bytes in 0 blocks
==18281==      possibly lost: 144 bytes in 1 blocks
==18281==    still reachable: 32 bytes in 1 blocks
==18281==                       of which reachable via heuristic:
==18281==                         stdstring          : 32 bytes in 1 blocks
==18281==         suppressed: 0 bytes in 0 blocks
==18281== Reachable blocks (those to which a pointer was found) are not shown.
==18281== To see them, rerun with: --leak-check=full --show-leak-kinds=all
==18281== 
==18281== For counts of detected and suppressed errors, rerun with: -v
==18281== ERROR SUMMARY: 1 errors from 1 contexts (suppressed: 0 from 0)
