/rhome/l/lkafedzic1/workspace/ASP/PZ3/Z1/main.cpp: In instantiation of ‘Stek<Tip>::Stek() [with Tip = int]’:
/rhome/l/lkafedzic1/workspace/ASP/PZ3/Z1/main.cpp:115:14:   required from here
/rhome/l/lkafedzic1/workspace/ASP/PZ3/Z1/main.cpp:32:11: warning: ‘Stek<int>::p_vrh’ will be initialized after [-Wreorder]
     Cvor* p_vrh;
           ^~~~~
/rhome/l/lkafedzic1/workspace/ASP/PZ3/Z1/main.cpp:25:9: warning:   ‘int Stek<int>::brElemenata’ [-Wreorder]
     int brElemenata;
         ^~~~~~~~~~~
/rhome/l/lkafedzic1/workspace/ASP/PZ3/Z1/main.cpp:34:5: warning:   when initialized here [-Wreorder]
     Stek(): p_vrh(nullptr), brElemenata(0) {}
     ^~~~
/rhome/l/lkafedzic1/workspace/ASP/PZ3/Z1/main.cpp: In instantiation of ‘Stek<Tip>::Cvor::Cvor(const Tip&) [with Tip = int]’:
/rhome/l/lkafedzic1/workspace/ASP/PZ3/Z1/main.cpp:95:13:   required from ‘void Stek<Tip>::stavi(const Tip&) [with Tip = int]’
/rhome/l/lkafedzic1/workspace/ASP/PZ3/Z1/main.cpp:116:36:   required from here
/rhome/l/lkafedzic1/workspace/ASP/PZ3/Z1/main.cpp:28:13: warning: ‘Stek<int>::Cvor::element’ will be initialized after [-Wreorder]
         Tip element;
             ^~~~~~~
/rhome/l/lkafedzic1/workspace/ASP/PZ3/Z1/main.cpp:27:15: warning:   ‘Stek<int>::Cvor* Stek<int>::Cvor::sljedeci’ [-Wreorder]
         Cvor* sljedeci;
               ^~~~~~~~
/rhome/l/lkafedzic1/workspace/ASP/PZ3/Z1/main.cpp:29:9: warning:   when initialized here [-Wreorder]
         Cvor(const Tip& el): element(el), sljedeci(nullptr) {}
         ^~~~
