[New LWP 11120]
Core was generated by `'.
Program terminated with signal SIGXCPU, CPU time limit exceeded.
#0  0x0000000000108b26 in ?? ()
#0  0x0000000000108b26 in ?? ()
#1  0x0000001fff000930 in ?? ()
#2  0x0000000000108a30 in ?? ()
#3  0x0000000000000002 in ?? ()
#4  0x0000000000000009 in ?? ()
#5  0x0000025800000003 in ?? ()
#6  0x0000000200000007 in ?? ()
#7  0x0000000600000064 in ?? ()
#8  0x0000000900000004 in ?? ()
#9  0x0000001f00000001 in ?? ()
#10 0x986a7d47dff95d00 in ?? ()
#11 0x0000000000108bd0 in ?? ()
#12 0x00000000053e8b97 in ?? ()
#13 0x00000000057af2a0 in ?? ()
#14 0x0000001fff000a18 in ?? ()
#15 0x00000001057b3760 in ?? ()
#16 0x000000000010897a in ?? ()
#17 0x0000000000000000 in ?? ()
