==18634== Memcheck, a memory error detector
==18634== Copyright (C) 2002-2017, and GNU GPL'd, by Julian Seward et al.
==18634== Using Valgrind-3.13.0 and LibVEX; rerun with -h for copyright info
==18634== Command: /rhome/l/lkafedzic1/workspace/ASP/PZ9/Z1/.runme
==18634== Parent PID: 18613
==18634== 
==18634== Conditional jump or move depends on uninitialised value(s)
==18634==    at 0x10AE7B: HashMapa<std::__cxx11::basic_string<char, std::char_traits<char>, std::allocator<char> >, int>::operator[](std::__cxx11::basic_string<char, std::char_traits<char>, std::allocator<char> > const&) (main.cpp:331)
==18634==    by 0x109C60: main (main.cpp:410)
==18634== 
==18634== Conditional jump or move depends on uninitialised value(s)
==18634==    at 0x10AE36: HashMapa<std::__cxx11::basic_string<char, std::char_traits<char>, std::allocator<char> >, int>::operator[](std::__cxx11::basic_string<char, std::char_traits<char>, std::allocator<char> > const&) (main.cpp:329)
==18634==    by 0x109C60: main (main.cpp:410)
==18634== 
==18634== Conditional jump or move depends on uninitialised value(s)
==18634==    at 0x10AF7D: HashMapa<std::__cxx11::basic_string<char, std::char_traits<char>, std::allocator<char> >, int>::operator[](std::__cxx11::basic_string<char, std::char_traits<char>, std::allocator<char> > const&) (main.cpp:341)
==18634==    by 0x109C60: main (main.cpp:410)
==18634== 
==18634== 
==18634== Process terminating with default action of signal 24 (SIGXCPU): dumping core
==18634==    at 0x10A8E3: NizMapa<int, int>::operator[](int const&) (main.cpp:76)
==18634==    by 0x109DC7: main (main.cpp:422)
==18634== 
==18634== HEAP SUMMARY:
==18634==     in use at exit: 517,520 bytes in 9,677 blocks
==18634==   total heap usage: 9,787 allocs, 110 frees, 799,024 bytes allocated
==18634== 
==18634== 3,600 bytes in 90 blocks are definitely lost in loss record 1,768 of 1,769
==18634==    at 0x4C3017F: operator new(unsigned long) (in /usr/lib/valgrind/vgpreload_memcheck-amd64-linux.so)
==18634==    by 0x10AC21: HashMapa<std::__cxx11::basic_string<char, std::char_traits<char>, std::allocator<char> >, int>::operator[](std::__cxx11::basic_string<char, std::char_traits<char>, std::allocator<char> > const&) (main.cpp:314)
==18634==    by 0x109C60: main (main.cpp:410)
==18634== 
==18634== LEAK SUMMARY:
==18634==    definitely lost: 3,600 bytes in 90 blocks
==18634==    indirectly lost: 0 bytes in 0 blocks
==18634==      possibly lost: 0 bytes in 0 blocks
==18634==    still reachable: 513,920 bytes in 9,587 blocks
==18634==         suppressed: 0 bytes in 0 blocks
==18634== Reachable blocks (those to which a pointer was found) are not shown.
==18634== To see them, rerun with: --leak-check=full --show-leak-kinds=all
==18634== 
==18634== For counts of detected and suppressed errors, rerun with: -v
==18634== Use --track-origins=yes to see where uninitialised values come from
==18634== ERROR SUMMARY: 271 errors from 4 contexts (suppressed: 0 from 0)
